2024-02-26 13:18:13 INFO Beginning the ETL process...
2024-02-26 13:18:13 INFO Calling extract ...
2024-02-26 13:18:14 INFO Finished extract.
2024-02-26 13:18:14 INFO Calling transform ...
2024-02-26 13:18:14 INFO Calling rate ...
2024-02-26 13:18:14 INFO Finished rate.
2024-02-26 13:18:14 INFO Calling rate ...
2024-02-26 13:18:14 INFO Finished rate.
2024-02-26 13:18:14 INFO Calling rate ...
2024-02-26 13:18:14 INFO Finished rate.
2024-02-26 13:18:14 INFO Finished transform.
2024-02-26 13:18:14 INFO Calling load_to_csv ...
2024-02-26 13:18:14 INFO Finished load_to_csv.
2024-02-26 13:18:14 INFO Calling load_to_db ...
2024-02-26 13:18:14 INFO Finished load_to_db.
2024-02-26 13:18:14 INFO Calling run_query ...
2024-02-26 13:18:14 INFO Finished run_query.
2024-02-26 13:18:14 INFO Calling run_query ...
2024-02-26 13:18:14 INFO Finished run_query.
2024-02-26 13:18:14 INFO Calling run_query ...
2024-02-26 13:18:14 INFO Finished run_query.
2024-02-26 13:18:14 INFO Completed the ETL process.

2024-02-26 13:20:11 INFO Beginning the ETL process...
2024-02-26 13:20:11 INFO Calling extract ...
2024-02-26 13:20:11 INFO Finished extract.
2024-02-26 13:20:11 INFO Calling transform ...
2024-02-26 13:20:11 INFO Calling rate ...
2024-02-26 13:20:11 INFO Finished rate.
2024-02-26 13:20:11 INFO Calling rate ...
2024-02-26 13:20:11 INFO Finished rate.
2024-02-26 13:20:11 INFO Calling rate ...
2024-02-26 13:20:11 INFO Finished rate.
2024-02-26 13:20:11 INFO Finished transform.
2024-02-26 13:20:11 INFO Calling load_to_csv ...
2024-02-26 13:20:11 INFO Finished load_to_csv.
2024-02-26 13:20:11 INFO Calling load_to_db ...
2024-02-26 13:20:11 INFO Finished load_to_db.
2024-02-26 13:20:11 INFO Calling run_query ...
2024-02-26 13:20:11 INFO Finished run_query.
2024-02-26 13:20:11 INFO Calling run_query ...
2024-02-26 13:20:11 INFO Finished run_query.
2024-02-26 13:20:11 INFO Calling run_query ...
2024-02-26 13:20:11 INFO Finished run_query.
2024-02-26 13:20:11 INFO Completed the ETL process.

