2024-02-23 21:50:34 INFO Beginning the ETL process...
2024-02-23 21:50:34 INFO Calling extract ...
2024-02-23 21:50:35 INFO Finished extract.
2024-02-23 21:50:35 INFO Calling transform ...
2024-02-23 21:50:35 INFO Calling rate ...
2024-02-23 21:50:35 INFO Finished rate.
2024-02-23 21:50:35 INFO Calling rate ...
2024-02-23 21:50:35 INFO Finished rate.
2024-02-23 21:50:35 INFO Calling rate ...
2024-02-23 21:50:35 INFO Finished rate.
2024-02-23 21:50:35 INFO Finished transform.
2024-02-23 21:50:35 INFO Calling load_to_csv ...
2024-02-23 21:50:35 INFO Finished load_to_csv.
2024-02-23 21:50:35 INFO Calling load_to_db ...
2024-02-23 21:50:35 INFO Finished load_to_db.
2024-02-23 21:50:35 INFO Calling run_query ...
2024-02-23 21:50:35 INFO Finished run_query.
2024-02-23 21:50:35 INFO Calling run_query ...
2024-02-23 21:50:35 INFO Finished run_query.
2024-02-23 21:50:35 INFO Calling run_query ...
2024-02-23 21:50:35 INFO Finished run_query.
2024-02-23 21:50:35 INFO Completed the ETL process.

2024-02-23 21:50:36 INFO Beginning the ETL process...
2024-02-23 21:50:36 INFO Calling extract ...
2024-02-23 21:50:37 INFO Finished extract.
2024-02-23 21:50:37 INFO Calling transform ...
2024-02-23 21:50:37 INFO Calling rate ...
2024-02-23 21:50:37 INFO Finished rate.
2024-02-23 21:50:37 INFO Calling rate ...
2024-02-23 21:50:37 INFO Finished rate.
2024-02-23 21:50:37 INFO Calling rate ...
2024-02-23 21:50:37 INFO Finished rate.
2024-02-23 21:50:37 INFO Finished transform.
2024-02-23 21:50:37 INFO Calling load_to_csv ...
2024-02-23 21:50:37 INFO Finished load_to_csv.
2024-02-23 21:50:37 INFO Calling load_to_db ...
2024-02-23 21:50:37 INFO Finished load_to_db.
2024-02-23 21:50:37 INFO Calling run_query ...
2024-02-23 21:50:37 INFO Finished run_query.
2024-02-23 21:50:37 INFO Calling run_query ...
2024-02-23 21:50:37 INFO Finished run_query.
2024-02-23 21:50:37 INFO Calling run_query ...
2024-02-23 21:50:37 INFO Finished run_query.
2024-02-23 21:50:37 INFO Completed the ETL process.

